<?xml version="1.0" encoding="UTF-8"?>
<robot generator="Robot 3.0.2 (Python 3.6.3 on win32)" generated="20171201 11:44:03.690">
<suite id="s1" name="Workshop" source="F:\softwareTesting\workshop\workshop.robot">
<test id="s1-t1" name="Search">
<kw name="เข้าไป codepen.io">
<kw name="Open Browser" library="Selenium2Library">
<doc>Opens a new browser instance to the given ``url``.</doc>
<arguments>
<arg>${GOOGLE URL}</arg>
<arg>${BROWSER}</arg>
</arguments>
<msg timestamp="20171201 11:44:03.826" level="INFO">Opening browser 'chrome' to base url 'https://codepen.io/brian-baum/full/BqEyL/'.</msg>
<status status="PASS" starttime="20171201 11:44:03.826" endtime="20171201 11:44:09.785"></status>
</kw>
<status status="PASS" starttime="20171201 11:44:03.826" endtime="20171201 11:44:09.785"></status>
</kw>
<kw name="Click Link" library="Selenium2Library">
<doc>Clicks a link identified by ``locator``.</doc>
<arguments>
<arg>link=add</arg>
</arguments>
<msg timestamp="20171201 11:44:09.787" level="INFO">Clicking link 'link=add'.</msg>
<kw name="Capture Page Screenshot" library="Selenium2Library">
<doc>Takes screenshot of the current page and embeds it into log file.</doc>
<msg timestamp="20171201 11:44:10.102" level="INFO" html="yes">&lt;/td&gt;&lt;/tr&gt;&lt;tr&gt;&lt;td colspan="3"&gt;&lt;a href="selenium-screenshot-1.png"&gt;&lt;img src="selenium-screenshot-1.png" width="800px"&gt;&lt;/a&gt;</msg>
<status status="PASS" starttime="20171201 11:44:09.811" endtime="20171201 11:44:10.102"></status>
</kw>
<msg timestamp="20171201 11:44:10.152" level="FAIL">Link with locator 'link=add' not found.</msg>
<status status="FAIL" starttime="20171201 11:44:09.786" endtime="20171201 11:44:10.152"></status>
</kw>
<status status="FAIL" starttime="20171201 11:44:03.825" endtime="20171201 11:44:10.152" critical="yes">Link with locator 'link=add' not found.</status>
</test>
<status status="FAIL" starttime="20171201 11:44:03.691" endtime="20171201 11:44:10.169"></status>
</suite>
<statistics>
<total>
<stat pass="0" fail="1">Critical Tests</stat>
<stat pass="0" fail="1">All Tests</stat>
</total>
<tag>
</tag>
<suite>
<stat pass="0" fail="1" id="s1" name="Workshop">Workshop</stat>
</suite>
</statistics>
<errors>
</errors>
</robot>
